<?xml version="1.0" encoding="UTF-8"?>
<!-- Generated by org.testng.reporters.JUnitReportReporter -->
<testsuite hostname="kishor" failures="0" tests="1" name="TestPackage.Testclass" time="104.130" errors="0" timestamp="2022-07-21T07:36:20 IST" skipped="0">
  <testcase classname="TestPackage.Testclass" name="entermailpass" time="104.130"/>
  <system-out/>
</testsuite> <!-- TestPackage.Testclass -->
