<?xml version="1.0" encoding="UTF-8"?>
<!-- Generated by org.testng.reporters.JUnitReportReporter -->
<testsuite hostname="kishor" failures="0" tests="1" name="TestPackage.JarvisInvestTest" time="90.984" errors="0" timestamp="2022-07-21T08:38:30 IST" skipped="0">
  <testcase classname="TestPackage.JarvisInvestTest" name="ClickSignUpButton" time="90.984"/>
  <system-out/>
</testsuite> <!-- TestPackage.JarvisInvestTest -->
