<?xml version="1.0" encoding="UTF-8"?>
<!-- Generated by org.testng.reporters.JUnitReportReporter -->
<testsuite hostname="kishor" failures="0" tests="1" name="TestPackage.Testclass" time="180.312" errors="0" timestamp="2022-07-21T08:38:30 IST" skipped="0">
  <testcase classname="TestPackage.Testclass" name="entermailpass" time="180.312"/>
  <system-out/>
</testsuite> <!-- TestPackage.Testclass -->
